<?xml version="1.0" encoding="UTF-8"?>
<!-- Generated by org.testng.reporters.JUnitXMLReporter -->
<testsuite ignored="0" hostname="Popsinator" failures="0" tests="28" name="Surefire test" time="383.09" errors="0" timestamp="2022-12-15T15:09:32 MSK">
  <testcase classname="ru.yandex.praktikum.LogInTest" name="logInAcrossPersonalAccountTest[0] on logInAcrossPersonalAccountTest[0](ru.yandex.praktikum.LogInTest)" time="25.321"/>
  <testcase classname="ru.yandex.praktikum.LogInTest" name="logInAcrossButtonOnMainTest[0] on logInAcrossButtonOnMainTest[0](ru.yandex.praktikum.LogInTest)" time="40.115"/>
  <testcase classname="ru.yandex.praktikum.LogInTest" name="logInAcrossFormReanimatePasswordTest[0] on logInAcrossFormReanimatePasswordTest[0](ru.yandex.praktikum.LogInTest)" time="55.785"/>
  <testcase classname="ru.yandex.praktikum.LogInTest" name="logOutTest[0] on logOutTest[0](ru.yandex.praktikum.LogInTest)" time="71.839"/>
  <testcase classname="ru.yandex.praktikum.LogInTest" name="logInAcrossFormRegistrationTest[0] on logInAcrossFormRegistrationTest[0](ru.yandex.praktikum.LogInTest)" time="81.14"/>
  <testcase classname="ru.yandex.praktikum.LogInTest" name="logInAcrossPersonalAccountTest[1] on logInAcrossPersonalAccountTest[1](ru.yandex.praktikum.LogInTest)" time="104.003"/>
  <testcase classname="ru.yandex.praktikum.LogInTest" name="logInAcrossButtonOnMainTest[1] on logInAcrossButtonOnMainTest[1](ru.yandex.praktikum.LogInTest)" time="132.551"/>
  <testcase classname="ru.yandex.praktikum.LogInTest" name="logInAcrossFormReanimatePasswordTest[1] on logInAcrossFormReanimatePasswordTest[1](ru.yandex.praktikum.LogInTest)" time="144.729"/>
  <testcase classname="ru.yandex.praktikum.LogInTest" name="logOutTest[1] on logOutTest[1](ru.yandex.praktikum.LogInTest)" time="161.464"/>
  <testcase classname="ru.yandex.praktikum.LogInTest" name="logInAcrossFormRegistrationTest[1] on logInAcrossFormRegistrationTest[1](ru.yandex.praktikum.LogInTest)" time="181.099"/>
  <testcase classname="ru.yandex.praktikum.RegistrationTest" name="registrationWithCorrectPasswordTest[0] on registrationWithCorrectPasswordTest[0](ru.yandex.praktikum.RegistrationTest)" time="16.764"/>
  <testcase classname="ru.yandex.praktikum.RegistrationTest" name="registrationWithIncorrectPasswordTest[0] on registrationWithIncorrectPasswordTest[0](ru.yandex.praktikum.RegistrationTest)" time="30.258"/>
  <testcase classname="ru.yandex.praktikum.RegistrationTest" name="registrationWithExistUserTest[0] on registrationWithExistUserTest[0](ru.yandex.praktikum.RegistrationTest)" time="41.895"/>
  <testcase classname="ru.yandex.praktikum.RegistrationTest" name="registrationWithCorrectPasswordTest[1] on registrationWithCorrectPasswordTest[1](ru.yandex.praktikum.RegistrationTest)" time="53.196"/>
  <testcase classname="ru.yandex.praktikum.RegistrationTest" name="registrationWithIncorrectPasswordTest[1] on registrationWithIncorrectPasswordTest[1](ru.yandex.praktikum.RegistrationTest)" time="67.817"/>
  <testcase classname="ru.yandex.praktikum.RegistrationTest" name="registrationWithExistUserTest[1] on registrationWithExistUserTest[1](ru.yandex.praktikum.RegistrationTest)" time="80.844"/>
  <testcase classname="ru.yandex.praktikum.TransitionTest" name="TransitionInFillingsTest[0] on TransitionInFillingsTest[0](ru.yandex.praktikum.TransitionTest)" time="9.255"/>
  <testcase classname="ru.yandex.praktikum.TransitionTest" name="logInTransitionInMainPageAcrossConstructorTest[0] on logInTransitionInMainPageAcrossConstructorTest[0](ru.yandex.praktikum.TransitionTest)" time="23.267"/>
  <testcase classname="ru.yandex.praktikum.TransitionTest" name="logInTransitionInMainPageAcrossLogoTipTest[0] on logInTransitionInMainPageAcrossLogoTipTest[0](ru.yandex.praktikum.TransitionTest)" time="33.191"/>
  <testcase classname="ru.yandex.praktikum.TransitionTest" name="logInTransitionInPersonalAccountTest[0] on logInTransitionInPersonalAccountTest[0](ru.yandex.praktikum.TransitionTest)" time="42.316"/>
  <testcase classname="ru.yandex.praktikum.TransitionTest" name="TransitionInSousTest[0] on TransitionInSousTest[0](ru.yandex.praktikum.TransitionTest)" time="51.07"/>
  <testcase classname="ru.yandex.praktikum.TransitionTest" name="TransitionInBulkTest[0] on TransitionInBulkTest[0](ru.yandex.praktikum.TransitionTest)" time="61.587"/>
  <testcase classname="ru.yandex.praktikum.TransitionTest" name="TransitionInFillingsTest[1] on TransitionInFillingsTest[1](ru.yandex.praktikum.TransitionTest)" time="70.008"/>
  <testcase classname="ru.yandex.praktikum.TransitionTest" name="logInTransitionInMainPageAcrossConstructorTest[1] on logInTransitionInMainPageAcrossConstructorTest[1](ru.yandex.praktikum.TransitionTest)" time="79.139"/>
  <testcase classname="ru.yandex.praktikum.TransitionTest" name="logInTransitionInMainPageAcrossLogoTipTest[1] on logInTransitionInMainPageAcrossLogoTipTest[1](ru.yandex.praktikum.TransitionTest)" time="87.817"/>
  <testcase classname="ru.yandex.praktikum.TransitionTest" name="logInTransitionInPersonalAccountTest[1] on logInTransitionInPersonalAccountTest[1](ru.yandex.praktikum.TransitionTest)" time="97.365"/>
  <testcase classname="ru.yandex.praktikum.TransitionTest" name="TransitionInSousTest[1] on TransitionInSousTest[1](ru.yandex.praktikum.TransitionTest)" time="107.127"/>
  <testcase classname="ru.yandex.praktikum.TransitionTest" name="TransitionInBulkTest[1] on TransitionInBulkTest[1](ru.yandex.praktikum.TransitionTest)" time="120.35"/>
</testsuite> <!-- Surefire test -->
