<?xml version="1.0" encoding="UTF-8"?>
<testsuite xmlns:xsi="http://www.w3.org/2001/XMLSchema-instance" xsi:noNamespaceSchemaLocation="https://maven.apache.org/surefire/maven-surefire-plugin/xsd/surefire-test-report.xsd" name="TestSuite" time="388.131" tests="28" errors="0" skipped="0" failures="0">
  <properties>
[...]
</properties>
  <testcase name="logInAcrossPersonalAccountTest[0] on logInAcrossPersonalAccountTest[0](ru.yandex.praktikum.LogInTest)" classname="ru.yandex.praktikum.LogInTest" time="25.749"/>
  <testcase name="logInAcrossButtonOnMainTest[0] on logInAcrossButtonOnMainTest[0](ru.yandex.praktikum.LogInTest)" classname="ru.yandex.praktikum.LogInTest" time="14.243"/>
  <testcase name="logInAcrossFormReanimatePasswordTest[0] on logInAcrossFormReanimatePasswordTest[0](ru.yandex.praktikum.LogInTest)" classname="ru.yandex.praktikum.LogInTest" time="15.667"/>
  <testcase name="logOutTest[0] on logOutTest[0](ru.yandex.praktikum.LogInTest)" classname="ru.yandex.praktikum.LogInTest" time="16.052"/>
  <testcase name="logInAcrossFormRegistrationTest[0] on logInAcrossFormRegistrationTest[0](ru.yandex.praktikum.LogInTest)" classname="ru.yandex.praktikum.LogInTest" time="9.299"/>
  <testcase name="logInAcrossPersonalAccountTest[1] on logInAcrossPersonalAccountTest[1](ru.yandex.praktikum.LogInTest)" classname="ru.yandex.praktikum.LogInTest" time="22.834"/>
  <testcase name="logInAcrossButtonOnMainTest[1] on logInAcrossButtonOnMainTest[1](ru.yandex.praktikum.LogInTest)" classname="ru.yandex.praktikum.LogInTest" time="28.549"/>
  <testcase name="logInAcrossFormReanimatePasswordTest[1] on logInAcrossFormReanimatePasswordTest[1](ru.yandex.praktikum.LogInTest)" classname="ru.yandex.praktikum.LogInTest" time="12.178"/>
  <testcase name="logOutTest[1] on logOutTest[1](ru.yandex.praktikum.LogInTest)" classname="ru.yandex.praktikum.LogInTest" time="16.733"/>
  <testcase name="logInAcrossFormRegistrationTest[1] on logInAcrossFormRegistrationTest[1](ru.yandex.praktikum.LogInTest)" classname="ru.yandex.praktikum.LogInTest" time="19.633"/>
  <testcase name="registrationWithCorrectPasswordTest[0] on registrationWithCorrectPasswordTest[0](ru.yandex.praktikum.RegistrationTest)" classname="ru.yandex.praktikum.RegistrationTest" time="16.764"/>
  <testcase name="registrationWithIncorrectPasswordTest[0] on registrationWithIncorrectPasswordTest[0](ru.yandex.praktikum.RegistrationTest)" classname="ru.yandex.praktikum.RegistrationTest" time="13.495"/>
  <testcase name="registrationWithExistUserTest[0] on registrationWithExistUserTest[0](ru.yandex.praktikum.RegistrationTest)" classname="ru.yandex.praktikum.RegistrationTest" time="11.636"/>
  <testcase name="registrationWithCorrectPasswordTest[1] on registrationWithCorrectPasswordTest[1](ru.yandex.praktikum.RegistrationTest)" classname="ru.yandex.praktikum.RegistrationTest" time="11.301"/>
  <testcase name="registrationWithIncorrectPasswordTest[1] on registrationWithIncorrectPasswordTest[1](ru.yandex.praktikum.RegistrationTest)" classname="ru.yandex.praktikum.RegistrationTest" time="14.621"/>
  <testcase name="registrationWithExistUserTest[1] on registrationWithExistUserTest[1](ru.yandex.praktikum.RegistrationTest)" classname="ru.yandex.praktikum.RegistrationTest" time="13.028"/>
  <testcase name="TransitionInFillingsTest[0] on TransitionInFillingsTest[0](ru.yandex.praktikum.TransitionTest)" classname="ru.yandex.praktikum.TransitionTest" time="9.25"/>
  <testcase name="logInTransitionInMainPageAcrossConstructorTest[0] on logInTransitionInMainPageAcrossConstructorTest[0](ru.yandex.praktikum.TransitionTest)" classname="ru.yandex.praktikum.TransitionTest" time="14.014"/>
  <testcase name="logInTransitionInMainPageAcrossLogoTipTest[0] on logInTransitionInMainPageAcrossLogoTipTest[0](ru.yandex.praktikum.TransitionTest)" classname="ru.yandex.praktikum.TransitionTest" time="9.924"/>
  <testcase name="logInTransitionInPersonalAccountTest[0] on logInTransitionInPersonalAccountTest[0](ru.yandex.praktikum.TransitionTest)" classname="ru.yandex.praktikum.TransitionTest" time="9.125"/>
  <testcase name="TransitionInSousTest[0] on TransitionInSousTest[0](ru.yandex.praktikum.TransitionTest)" classname="ru.yandex.praktikum.TransitionTest" time="8.752"/>
  <testcase name="TransitionInBulkTest[0] on TransitionInBulkTest[0](ru.yandex.praktikum.TransitionTest)" classname="ru.yandex.praktikum.TransitionTest" time="10.518"/>
  <testcase name="TransitionInFillingsTest[1] on TransitionInFillingsTest[1](ru.yandex.praktikum.TransitionTest)" classname="ru.yandex.praktikum.TransitionTest" time="8.42"/>
  <testcase name="logInTransitionInMainPageAcrossConstructorTest[1] on logInTransitionInMainPageAcrossConstructorTest[1](ru.yandex.praktikum.TransitionTest)" classname="ru.yandex.praktikum.TransitionTest" time="9.131"/>
  <testcase name="logInTransitionInMainPageAcrossLogoTipTest[1] on logInTransitionInMainPageAcrossLogoTipTest[1](ru.yandex.praktikum.TransitionTest)" classname="ru.yandex.praktikum.TransitionTest" time="8.677"/>
  <testcase name="logInTransitionInPersonalAccountTest[1] on logInTransitionInPersonalAccountTest[1](ru.yandex.praktikum.TransitionTest)" classname="ru.yandex.praktikum.TransitionTest" time="9.549"/>
  <testcase name="TransitionInSousTest[1] on TransitionInSousTest[1](ru.yandex.praktikum.TransitionTest)" classname="ru.yandex.praktikum.TransitionTest" time="9.761"/>
  <testcase name="TransitionInBulkTest[1] on TransitionInBulkTest[1](ru.yandex.praktikum.TransitionTest)" classname="ru.yandex.praktikum.TransitionTest" time="13.226"/>
</testsuite>